<html>
<head>
<title>TestNG:  Parallel Test Suite</title>
<link href="../testng.css" rel="stylesheet" type="text/css" />
<link href="../my-testng.css" rel="stylesheet" type="text/css" />

<style type="text/css">
.log { display: none;} 
.stack-trace { display: none;} 
</style>
<script type="text/javascript">
<!--
function flip(e) {
  current = e.style.display;
  if (current == 'block') {
    e.style.display = 'none';
    return 0;
  }
  else {
    e.style.display = 'block';
    return 1;
  }
}

function toggleBox(szDivId, elem, msg1, msg2)
{
  var res = -1;  if (document.getElementById) {
    res = flip(document.getElementById(szDivId));
  }
  else if (document.all) {
    // this is the way old msie versions work
    res = flip(document.all[szDivId]);
  }
  if(elem) {
    if(res == 0) elem.innerHTML = msg1; else elem.innerHTML = msg2;
  }

}

function toggleAllBoxes() {
  if (document.getElementsByTagName) {
    d = document.getElementsByTagName('div');
    for (i = 0; i < d.length; i++) {
      if (d[i].className == 'log') {
        flip(d[i]);
      }
    }
  }
}

// -->
</script>

</head>
<body>
<h2 align='center'>Parallel Test Suite</h2><table border='1' align="center">
<tr>
<td>Tests passed/Failed/Skipped:</td><td>2/9/0</td>
</tr><tr>
<td>Started on:</td><td>Tue Aug 06 17:37:00 IST 2024</td>
</tr>
<tr><td>Total time:</td><td>17 seconds (17883 ms)</td>
</tr><tr>
<td>Included groups:</td><td></td>
</tr><tr>
<td>Excluded groups:</td><td></td>
</tr>
</table><p/>
<small><i>(Hover the method name to see the test class name)</i></small><p/>
<table width='100%' border='1' class='invocation-failed'>
<tr><td colspan='4' align='center'><b>FAILED TESTS</b></td></tr>
<tr><td><b>Test method</b></td>
<td width="30%"><b>Exception</b></td>
<td width="10%"><b>Time (seconds)</b></td>
<td><b>Instance</b></td>
</tr>
<tr>
<td title='com.sample.tests.NegativeTest.checkCashonPickupRadiobutton()'><b>checkCashonPickupRadiobutton</b><br>Test class: com.sample.tests.NegativeTest</td>
<td><div><pre>java.lang.AssertionError: The following asserts failed:
	Cash on Pickup should not be Selected expected [false] but found [true]
	at com.sample.pages.PizzaPage.checkCashonPickup(PizzaPage.java:290)
	at com.sample.tests.NegativeTest.checkCashonPickupRadiobutton(NegativeTest.java:81)
	at java.base/java.util.concurrent.ThreadPoolExecutor.runWorker(ThreadPoolExecutor.java:1144)
	at java.base/java.util.concurrent.ThreadPoolExecutor$Worker.run(ThreadPoolExecutor.java:642)
	at java.base/java.lang.Thread.run(Thread.java:1570)
... Removed 9 stack frames</pre></div><a href='#' onClick='toggleBox("stack-trace382225227", this, "Click to show all stack frames", "Click to hide stack frames")'>Click to show all stack frames</a>
<div class='stack-trace' id='stack-trace382225227'><pre>java.lang.AssertionError: The following asserts failed:
	Cash on Pickup should not be Selected expected [false] but found [true]
	at org.testng.asserts.SoftAssert.assertAll(SoftAssert.java:43)
	at com.sample.pages.PizzaPage.checkCashonPickup(PizzaPage.java:290)
	at com.sample.tests.NegativeTest.checkCashonPickupRadiobutton(NegativeTest.java:81)
	at java.base/jdk.internal.reflect.DirectMethodHandleAccessor.invoke(DirectMethodHandleAccessor.java:103)
	at java.base/java.lang.reflect.Method.invoke(Method.java:580)
	at org.testng.internal.MethodInvocationHelper.invokeMethod(MethodInvocationHelper.java:124)
	at org.testng.internal.Invoker.invokeMethod(Invoker.java:583)
	at org.testng.internal.Invoker.invokeTestMethod(Invoker.java:719)
	at org.testng.internal.Invoker.invokeTestMethods(Invoker.java:989)
	at org.testng.internal.TestMethodWorker.invokeTestMethods(TestMethodWorker.java:125)
	at org.testng.internal.TestMethodWorker.run(TestMethodWorker.java:109)
	at java.base/java.util.concurrent.ThreadPoolExecutor.runWorker(ThreadPoolExecutor.java:1144)
	at java.base/java.util.concurrent.ThreadPoolExecutor$Worker.run(ThreadPoolExecutor.java:642)
	at java.base/java.lang.Thread.run(Thread.java:1570)
</pre></div></td>
<td>0</td>
<td>com.sample.tests.NegativeTest@723ca036</td></tr>
<tr>
<td title='com.sample.tests.NegativeTest.checkCreditCardRadiobutton()'><b>checkCreditCardRadiobutton</b><br>Test class: com.sample.tests.NegativeTest</td>
<td><div><pre>java.lang.AssertionError: The following asserts failed:
	Credit Card should not be Selected expected [false] but found [true]
	at com.sample.pages.PizzaPage.checkCreditCard(PizzaPage.java:275)
	at com.sample.tests.NegativeTest.checkCreditCardRadiobutton(NegativeTest.java:72)
	at java.base/java.util.concurrent.ThreadPoolExecutor.runWorker(ThreadPoolExecutor.java:1144)
	at java.base/java.util.concurrent.ThreadPoolExecutor$Worker.run(ThreadPoolExecutor.java:642)
	at java.base/java.lang.Thread.run(Thread.java:1570)
... Removed 9 stack frames</pre></div><a href='#' onClick='toggleBox("stack-trace413936540", this, "Click to show all stack frames", "Click to hide stack frames")'>Click to show all stack frames</a>
<div class='stack-trace' id='stack-trace413936540'><pre>java.lang.AssertionError: The following asserts failed:
	Credit Card should not be Selected expected [false] but found [true]
	at org.testng.asserts.SoftAssert.assertAll(SoftAssert.java:43)
	at com.sample.pages.PizzaPage.checkCreditCard(PizzaPage.java:275)
	at com.sample.tests.NegativeTest.checkCreditCardRadiobutton(NegativeTest.java:72)
	at java.base/jdk.internal.reflect.DirectMethodHandleAccessor.invoke(DirectMethodHandleAccessor.java:103)
	at java.base/java.lang.reflect.Method.invoke(Method.java:580)
	at org.testng.internal.MethodInvocationHelper.invokeMethod(MethodInvocationHelper.java:124)
	at org.testng.internal.Invoker.invokeMethod(Invoker.java:583)
	at org.testng.internal.Invoker.invokeTestMethod(Invoker.java:719)
	at org.testng.internal.Invoker.invokeTestMethods(Invoker.java:989)
	at org.testng.internal.TestMethodWorker.invokeTestMethods(TestMethodWorker.java:125)
	at org.testng.internal.TestMethodWorker.run(TestMethodWorker.java:109)
	at java.base/java.util.concurrent.ThreadPoolExecutor.runWorker(ThreadPoolExecutor.java:1144)
	at java.base/java.util.concurrent.ThreadPoolExecutor$Worker.run(ThreadPoolExecutor.java:642)
	at java.base/java.lang.Thread.run(Thread.java:1570)
</pre></div></td>
<td>0</td>
<td>com.sample.tests.NegativeTest@723ca036</td></tr>
<tr>
<td title='com.sample.tests.NegativeTest.checkMissingName()'><b>checkMissingName</b><br>Test class: com.sample.tests.NegativeTest</td>
<td><div><pre>java.lang.AssertionError: The following asserts failed:
	expected [Missing name] but found [Thank you for your order! TOTAL: 13.5 Large 10 Slices - 2 toppings]
	at com.sample.tests.NegativeTest.checkMissingName(NegativeTest.java:62)
	at java.base/java.util.concurrent.ThreadPoolExecutor.runWorker(ThreadPoolExecutor.java:1144)
	at java.base/java.util.concurrent.ThreadPoolExecutor$Worker.run(ThreadPoolExecutor.java:642)
	at java.base/java.lang.Thread.run(Thread.java:1570)
... Removed 9 stack frames</pre></div><a href='#' onClick='toggleBox("stack-trace1213736561", this, "Click to show all stack frames", "Click to hide stack frames")'>Click to show all stack frames</a>
<div class='stack-trace' id='stack-trace1213736561'><pre>java.lang.AssertionError: The following asserts failed:
	expected [Missing name] but found [Thank you for your order! TOTAL: 13.5 Large 10 Slices - 2 toppings]
	at org.testng.asserts.SoftAssert.assertAll(SoftAssert.java:43)
	at com.sample.tests.NegativeTest.checkMissingName(NegativeTest.java:62)
	at java.base/jdk.internal.reflect.DirectMethodHandleAccessor.invoke(DirectMethodHandleAccessor.java:103)
	at java.base/java.lang.reflect.Method.invoke(Method.java:580)
	at org.testng.internal.MethodInvocationHelper.invokeMethod(MethodInvocationHelper.java:124)
	at org.testng.internal.Invoker.invokeMethod(Invoker.java:583)
	at org.testng.internal.Invoker.invokeTestMethod(Invoker.java:719)
	at org.testng.internal.Invoker.invokeTestMethods(Invoker.java:989)
	at org.testng.internal.TestMethodWorker.invokeTestMethods(TestMethodWorker.java:125)
	at org.testng.internal.TestMethodWorker.run(TestMethodWorker.java:109)
	at java.base/java.util.concurrent.ThreadPoolExecutor.runWorker(ThreadPoolExecutor.java:1144)
	at java.base/java.util.concurrent.ThreadPoolExecutor$Worker.run(ThreadPoolExecutor.java:642)
	at java.base/java.lang.Thread.run(Thread.java:1570)
</pre></div></td>
<td>0</td>
<td>com.sample.tests.NegativeTest@723ca036</td></tr>
<tr>
<td title='com.sample.tests.NegativeTest.checkResetbutton()'><b>checkResetbutton</b><br>Test class: com.sample.tests.NegativeTest</td>
<td><div><pre>java.lang.AssertionError: The following asserts failed:
	Topping 1 dropdown is not reset. expected [Choose a Toppings 1] but found [Mozzarella cheese],
	Topping 2 dropdown is not reset. expected [Choose a Toppings 2] but found [Olives]
	at com.sample.pages.PizzaPage.checkForm(PizzaPage.java:238)
	at com.sample.tests.NegativeTest.checkResetbutton(NegativeTest.java:97)
	at java.base/java.util.concurrent.ThreadPoolExecutor.runWorker(ThreadPoolExecutor.java:1144)
	at java.base/java.util.concurrent.ThreadPoolExecutor$Worker.run(ThreadPoolExecutor.java:642)
	at java.base/java.lang.Thread.run(Thread.java:1570)
... Removed 9 stack frames</pre></div><a href='#' onClick='toggleBox("stack-trace239264206", this, "Click to show all stack frames", "Click to hide stack frames")'>Click to show all stack frames</a>
<div class='stack-trace' id='stack-trace239264206'><pre>java.lang.AssertionError: The following asserts failed:
	Topping 1 dropdown is not reset. expected [Choose a Toppings 1] but found [Mozzarella cheese],
	Topping 2 dropdown is not reset. expected [Choose a Toppings 2] but found [Olives]
	at org.testng.asserts.SoftAssert.assertAll(SoftAssert.java:43)
	at com.sample.pages.PizzaPage.checkForm(PizzaPage.java:238)
	at com.sample.tests.NegativeTest.checkResetbutton(NegativeTest.java:97)
	at java.base/jdk.internal.reflect.DirectMethodHandleAccessor.invoke(DirectMethodHandleAccessor.java:103)
	at java.base/java.lang.reflect.Method.invoke(Method.java:580)
	at org.testng.internal.MethodInvocationHelper.invokeMethod(MethodInvocationHelper.java:124)
	at org.testng.internal.Invoker.invokeMethod(Invoker.java:583)
	at org.testng.internal.Invoker.invokeTestMethod(Invoker.java:719)
	at org.testng.internal.Invoker.invokeTestMethods(Invoker.java:989)
	at org.testng.internal.TestMethodWorker.invokeTestMethods(TestMethodWorker.java:125)
	at org.testng.internal.TestMethodWorker.run(TestMethodWorker.java:109)
	at java.base/java.util.concurrent.ThreadPoolExecutor.runWorker(ThreadPoolExecutor.java:1144)
	at java.base/java.util.concurrent.ThreadPoolExecutor$Worker.run(ThreadPoolExecutor.java:642)
	at java.base/java.lang.Thread.run(Thread.java:1570)
</pre></div></td>
<td>1</td>
<td>com.sample.tests.NegativeTest@723ca036</td></tr>
<tr>
<td title='com.sample.tests.PositiveTest.testPizzaType()'><b>testPizzaType</b><br>Test class: com.sample.tests.PositiveTest<br>Parameters: Small 6 Slices - no toppings, 6.75</td>
<td><div><pre>java.lang.AssertionError: The following asserts failed:
	Topping 1 dropdown is not reset. expected [Choose a Toppings 1] but found [Mozzarella cheese],
	Topping 2 dropdown is not reset. expected [Choose a Toppings 2] but found [Olives]
	at com.sample.pages.PizzaPage.checkForm(PizzaPage.java:238)
	at com.sample.tests.PositiveTest.testPizzaType(PositiveTest.java:54)
	at java.base/java.util.concurrent.ThreadPoolExecutor.runWorker(ThreadPoolExecutor.java:1144)
	at java.base/java.util.concurrent.ThreadPoolExecutor$Worker.run(ThreadPoolExecutor.java:642)
	at java.base/java.lang.Thread.run(Thread.java:1570)
... Removed 9 stack frames</pre></div><a href='#' onClick='toggleBox("stack-trace892282306", this, "Click to show all stack frames", "Click to hide stack frames")'>Click to show all stack frames</a>
<div class='stack-trace' id='stack-trace892282306'><pre>java.lang.AssertionError: The following asserts failed:
	Topping 1 dropdown is not reset. expected [Choose a Toppings 1] but found [Mozzarella cheese],
	Topping 2 dropdown is not reset. expected [Choose a Toppings 2] but found [Olives]
	at org.testng.asserts.SoftAssert.assertAll(SoftAssert.java:43)
	at com.sample.pages.PizzaPage.checkForm(PizzaPage.java:238)
	at com.sample.tests.PositiveTest.testPizzaType(PositiveTest.java:54)
	at java.base/jdk.internal.reflect.DirectMethodHandleAccessor.invoke(DirectMethodHandleAccessor.java:103)
	at java.base/java.lang.reflect.Method.invoke(Method.java:580)
	at org.testng.internal.MethodInvocationHelper.invokeMethod(MethodInvocationHelper.java:124)
	at org.testng.internal.Invoker.invokeMethod(Invoker.java:583)
	at org.testng.internal.Invoker.invokeTestMethod(Invoker.java:719)
	at org.testng.internal.Invoker.invokeTestMethods(Invoker.java:989)
	at org.testng.internal.TestMethodWorker.invokeTestMethods(TestMethodWorker.java:125)
	at org.testng.internal.TestMethodWorker.run(TestMethodWorker.java:109)
	at java.base/java.util.concurrent.ThreadPoolExecutor.runWorker(ThreadPoolExecutor.java:1144)
	at java.base/java.util.concurrent.ThreadPoolExecutor$Worker.run(ThreadPoolExecutor.java:642)
	at java.base/java.lang.Thread.run(Thread.java:1570)
</pre></div></td>
<td>1</td>
<td>com.sample.tests.PositiveTest@304bb45b</td></tr>
<tr>
<td title='com.sample.tests.PositiveTest.testPizzaType()'><b>testPizzaType</b><br>Test class: com.sample.tests.PositiveTest<br>Parameters: Small 6 Slices - 1 topping, 7.5</td>
<td><div><pre>java.lang.AssertionError: The following asserts failed:
	Topping 1 dropdown is not reset. expected [Choose a Toppings 1] but found [Mozzarella cheese],
	Topping 2 dropdown is not reset. expected [Choose a Toppings 2] but found [Olives]
	at com.sample.pages.PizzaPage.checkForm(PizzaPage.java:238)
	at com.sample.tests.PositiveTest.testPizzaType(PositiveTest.java:54)
	at java.base/java.util.concurrent.ThreadPoolExecutor.runWorker(ThreadPoolExecutor.java:1144)
	at java.base/java.util.concurrent.ThreadPoolExecutor$Worker.run(ThreadPoolExecutor.java:642)
	at java.base/java.lang.Thread.run(Thread.java:1570)
... Removed 9 stack frames</pre></div><a href='#' onClick='toggleBox("stack-trace928368425", this, "Click to show all stack frames", "Click to hide stack frames")'>Click to show all stack frames</a>
<div class='stack-trace' id='stack-trace928368425'><pre>java.lang.AssertionError: The following asserts failed:
	Topping 1 dropdown is not reset. expected [Choose a Toppings 1] but found [Mozzarella cheese],
	Topping 2 dropdown is not reset. expected [Choose a Toppings 2] but found [Olives]
	at org.testng.asserts.SoftAssert.assertAll(SoftAssert.java:43)
	at com.sample.pages.PizzaPage.checkForm(PizzaPage.java:238)
	at com.sample.tests.PositiveTest.testPizzaType(PositiveTest.java:54)
	at java.base/jdk.internal.reflect.DirectMethodHandleAccessor.invoke(DirectMethodHandleAccessor.java:103)
	at java.base/java.lang.reflect.Method.invoke(Method.java:580)
	at org.testng.internal.MethodInvocationHelper.invokeMethod(MethodInvocationHelper.java:124)
	at org.testng.internal.Invoker.invokeMethod(Invoker.java:583)
	at org.testng.internal.Invoker.invokeTestMethod(Invoker.java:719)
	at org.testng.internal.Invoker.invokeTestMethods(Invoker.java:989)
	at org.testng.internal.TestMethodWorker.invokeTestMethods(TestMethodWorker.java:125)
	at org.testng.internal.TestMethodWorker.run(TestMethodWorker.java:109)
	at java.base/java.util.concurrent.ThreadPoolExecutor.runWorker(ThreadPoolExecutor.java:1144)
	at java.base/java.util.concurrent.ThreadPoolExecutor$Worker.run(ThreadPoolExecutor.java:642)
	at java.base/java.lang.Thread.run(Thread.java:1570)
</pre></div></td>
<td>1</td>
<td>com.sample.tests.PositiveTest@304bb45b</td></tr>
<tr>
<td title='com.sample.tests.PositiveTest.testPizzaType()'><b>testPizzaType</b><br>Test class: com.sample.tests.PositiveTest<br>Parameters: Medium 8 Slices - 2 toppings, 9.75</td>
<td><div><pre>java.lang.AssertionError: The following asserts failed:
	Topping 1 dropdown is not reset. expected [Choose a Toppings 1] but found [Mozzarella cheese],
	Topping 2 dropdown is not reset. expected [Choose a Toppings 2] but found [Olives]
	at com.sample.pages.PizzaPage.checkForm(PizzaPage.java:238)
	at com.sample.tests.PositiveTest.testPizzaType(PositiveTest.java:54)
	at java.base/java.util.concurrent.ThreadPoolExecutor.runWorker(ThreadPoolExecutor.java:1144)
	at java.base/java.util.concurrent.ThreadPoolExecutor$Worker.run(ThreadPoolExecutor.java:642)
	at java.base/java.lang.Thread.run(Thread.java:1570)
... Removed 9 stack frames</pre></div><a href='#' onClick='toggleBox("stack-trace83035350", this, "Click to show all stack frames", "Click to hide stack frames")'>Click to show all stack frames</a>
<div class='stack-trace' id='stack-trace83035350'><pre>java.lang.AssertionError: The following asserts failed:
	Topping 1 dropdown is not reset. expected [Choose a Toppings 1] but found [Mozzarella cheese],
	Topping 2 dropdown is not reset. expected [Choose a Toppings 2] but found [Olives]
	at org.testng.asserts.SoftAssert.assertAll(SoftAssert.java:43)
	at com.sample.pages.PizzaPage.checkForm(PizzaPage.java:238)
	at com.sample.tests.PositiveTest.testPizzaType(PositiveTest.java:54)
	at java.base/jdk.internal.reflect.DirectMethodHandleAccessor.invoke(DirectMethodHandleAccessor.java:103)
	at java.base/java.lang.reflect.Method.invoke(Method.java:580)
	at org.testng.internal.MethodInvocationHelper.invokeMethod(MethodInvocationHelper.java:124)
	at org.testng.internal.Invoker.invokeMethod(Invoker.java:583)
	at org.testng.internal.Invoker.invokeTestMethod(Invoker.java:719)
	at org.testng.internal.Invoker.invokeTestMethods(Invoker.java:989)
	at org.testng.internal.TestMethodWorker.invokeTestMethods(TestMethodWorker.java:125)
	at org.testng.internal.TestMethodWorker.run(TestMethodWorker.java:109)
	at java.base/java.util.concurrent.ThreadPoolExecutor.runWorker(ThreadPoolExecutor.java:1144)
	at java.base/java.util.concurrent.ThreadPoolExecutor$Worker.run(ThreadPoolExecutor.java:642)
	at java.base/java.lang.Thread.run(Thread.java:1570)
</pre></div></td>
<td>1</td>
<td>com.sample.tests.PositiveTest@304bb45b</td></tr>
<tr>
<td title='com.sample.tests.PositiveTest.testPizzaType()'><b>testPizzaType</b><br>Test class: com.sample.tests.PositiveTest<br>Parameters: Large 10 Slices - no toppings, 11.75</td>
<td><div><pre>java.lang.AssertionError: The following asserts failed:
	Topping 1 dropdown is not reset. expected [Choose a Toppings 1] but found [Mozzarella cheese],
	Topping 2 dropdown is not reset. expected [Choose a Toppings 2] but found [Olives]
	at com.sample.pages.PizzaPage.checkForm(PizzaPage.java:238)
	at com.sample.tests.PositiveTest.testPizzaType(PositiveTest.java:54)
	at java.base/java.util.concurrent.ThreadPoolExecutor.runWorker(ThreadPoolExecutor.java:1144)
	at java.base/java.util.concurrent.ThreadPoolExecutor$Worker.run(ThreadPoolExecutor.java:642)
	at java.base/java.lang.Thread.run(Thread.java:1570)
... Removed 9 stack frames</pre></div><a href='#' onClick='toggleBox("stack-trace1470269885", this, "Click to show all stack frames", "Click to hide stack frames")'>Click to show all stack frames</a>
<div class='stack-trace' id='stack-trace1470269885'><pre>java.lang.AssertionError: The following asserts failed:
	Topping 1 dropdown is not reset. expected [Choose a Toppings 1] but found [Mozzarella cheese],
	Topping 2 dropdown is not reset. expected [Choose a Toppings 2] but found [Olives]
	at org.testng.asserts.SoftAssert.assertAll(SoftAssert.java:43)
	at com.sample.pages.PizzaPage.checkForm(PizzaPage.java:238)
	at com.sample.tests.PositiveTest.testPizzaType(PositiveTest.java:54)
	at java.base/jdk.internal.reflect.DirectMethodHandleAccessor.invoke(DirectMethodHandleAccessor.java:103)
	at java.base/java.lang.reflect.Method.invoke(Method.java:580)
	at org.testng.internal.MethodInvocationHelper.invokeMethod(MethodInvocationHelper.java:124)
	at org.testng.internal.Invoker.invokeMethod(Invoker.java:583)
	at org.testng.internal.Invoker.invokeTestMethod(Invoker.java:719)
	at org.testng.internal.Invoker.invokeTestMethods(Invoker.java:989)
	at org.testng.internal.TestMethodWorker.invokeTestMethods(TestMethodWorker.java:125)
	at org.testng.internal.TestMethodWorker.run(TestMethodWorker.java:109)
	at java.base/java.util.concurrent.ThreadPoolExecutor.runWorker(ThreadPoolExecutor.java:1144)
	at java.base/java.util.concurrent.ThreadPoolExecutor$Worker.run(ThreadPoolExecutor.java:642)
	at java.base/java.lang.Thread.run(Thread.java:1570)
</pre></div></td>
<td>1</td>
<td>com.sample.tests.PositiveTest@304bb45b</td></tr>
<tr>
<td title='com.sample.tests.PositiveTest.testPizzaType()'><b>testPizzaType</b><br>Test class: com.sample.tests.PositiveTest<br>Parameters: Large 10 Slices - 2 toppings, 13.5</td>
<td><div><pre>java.lang.AssertionError: The following asserts failed:
	Topping 1 dropdown is not reset. expected [Choose a Toppings 1] but found [Mozzarella cheese],
	Topping 2 dropdown is not reset. expected [Choose a Toppings 2] but found [Olives]
	at com.sample.pages.PizzaPage.checkForm(PizzaPage.java:238)
	at com.sample.tests.PositiveTest.testPizzaType(PositiveTest.java:54)
	at java.base/java.util.concurrent.ThreadPoolExecutor.runWorker(ThreadPoolExecutor.java:1144)
	at java.base/java.util.concurrent.ThreadPoolExecutor$Worker.run(ThreadPoolExecutor.java:642)
	at java.base/java.lang.Thread.run(Thread.java:1570)
... Removed 9 stack frames</pre></div><a href='#' onClick='toggleBox("stack-trace66870215", this, "Click to show all stack frames", "Click to hide stack frames")'>Click to show all stack frames</a>
<div class='stack-trace' id='stack-trace66870215'><pre>java.lang.AssertionError: The following asserts failed:
	Topping 1 dropdown is not reset. expected [Choose a Toppings 1] but found [Mozzarella cheese],
	Topping 2 dropdown is not reset. expected [Choose a Toppings 2] but found [Olives]
	at org.testng.asserts.SoftAssert.assertAll(SoftAssert.java:43)
	at com.sample.pages.PizzaPage.checkForm(PizzaPage.java:238)
	at com.sample.tests.PositiveTest.testPizzaType(PositiveTest.java:54)
	at java.base/jdk.internal.reflect.DirectMethodHandleAccessor.invoke(DirectMethodHandleAccessor.java:103)
	at java.base/java.lang.reflect.Method.invoke(Method.java:580)
	at org.testng.internal.MethodInvocationHelper.invokeMethod(MethodInvocationHelper.java:124)
	at org.testng.internal.Invoker.invokeMethod(Invoker.java:583)
	at org.testng.internal.Invoker.invokeTestMethod(Invoker.java:719)
	at org.testng.internal.Invoker.invokeTestMethods(Invoker.java:989)
	at org.testng.internal.TestMethodWorker.invokeTestMethods(TestMethodWorker.java:125)
	at org.testng.internal.TestMethodWorker.run(TestMethodWorker.java:109)
	at java.base/java.util.concurrent.ThreadPoolExecutor.runWorker(ThreadPoolExecutor.java:1144)
	at java.base/java.util.concurrent.ThreadPoolExecutor$Worker.run(ThreadPoolExecutor.java:642)
	at java.base/java.lang.Thread.run(Thread.java:1570)
</pre></div></td>
<td>1</td>
<td>com.sample.tests.PositiveTest@304bb45b</td></tr>
</table><p>
<table width='100%' border='1' class='invocation-passed'>
<tr><td colspan='4' align='center'><b>PASSED TESTS</b></td></tr>
<tr><td><b>Test method</b></td>
<td width="30%"><b>Exception</b></td>
<td width="10%"><b>Time (seconds)</b></td>
<td><b>Instance</b></td>
</tr>
<tr>
<td title='com.sample.tests.NegativeTest.checkMissingPhoneNum()'><b>checkMissingPhoneNum</b><br>Test class: com.sample.tests.NegativeTest</td>
<td></td>
<td>0</td>
<td>com.sample.tests.NegativeTest@723ca036</td></tr>
<tr>
<td title='com.sample.tests.NegativeTest.checkmaxLength()'><b>checkmaxLength</b><br>Test class: com.sample.tests.NegativeTest</td>
<td></td>
<td>0</td>
<td>com.sample.tests.NegativeTest@723ca036</td></tr>
</table><p>
</body>
</html>