<?xml version="1.0" encoding="UTF-8"?>
<!-- Generated by org.testng.reporters.JUnitXMLReporter -->
<testsuite ignored="0" hostname="LP398" failures="9" tests="11" name="Parallel Test Suite" time="17.883" errors="0" timestamp="06 Aug 2024 12:07:18 GMT">
  <testcase classname="com.sample.tests.PositiveTest" name="testPizzaType" time="1.895">
    <failure type="java.lang.AssertionError" message="The following asserts failed:
	Topping 1 dropdown is not reset. expected [Choose a Toppings 1] but found [Mozzarella cheese],
	Topping 2 dropdown is not reset. expected [Choose a Toppings 2] but found [Olives]">
      <![CDATA[java.lang.AssertionError: The following asserts failed:
Topping 1 dropdown is not reset. expected [Choose a Toppings 1] but found [Mozzarella cheese],
Topping 2 dropdown is not reset. expected [Choose a Toppings 2] but found [Olives]
at com.sample.pages.PizzaPage.checkForm(PizzaPage.java:238)
at com.sample.tests.PositiveTest.testPizzaType(PositiveTest.java:54)
at java.base/java.util.concurrent.ThreadPoolExecutor.runWorker(ThreadPoolExecutor.java:1144)
at java.base/java.util.concurrent.ThreadPoolExecutor$Worker.run(ThreadPoolExecutor.java:642)
at java.base/java.lang.Thread.run(Thread.java:1570)
... Removed 9 stack frames]]>
    </failure>
  </testcase> <!-- testPizzaType -->
  <testcase classname="com.sample.tests.PositiveTest" name="testPizzaType" time="1.544">
    <failure type="java.lang.AssertionError" message="The following asserts failed:
	Topping 1 dropdown is not reset. expected [Choose a Toppings 1] but found [Mozzarella cheese],
	Topping 2 dropdown is not reset. expected [Choose a Toppings 2] but found [Olives]">
      <![CDATA[java.lang.AssertionError: The following asserts failed:
Topping 1 dropdown is not reset. expected [Choose a Toppings 1] but found [Mozzarella cheese],
Topping 2 dropdown is not reset. expected [Choose a Toppings 2] but found [Olives]
at com.sample.pages.PizzaPage.checkForm(PizzaPage.java:238)
at com.sample.tests.PositiveTest.testPizzaType(PositiveTest.java:54)
at java.base/java.util.concurrent.ThreadPoolExecutor.runWorker(ThreadPoolExecutor.java:1144)
at java.base/java.util.concurrent.ThreadPoolExecutor$Worker.run(ThreadPoolExecutor.java:642)
at java.base/java.lang.Thread.run(Thread.java:1570)
... Removed 9 stack frames]]>
    </failure>
  </testcase> <!-- testPizzaType -->
  <testcase classname="com.sample.tests.PositiveTest" name="testPizzaType" time="1.477">
    <failure type="java.lang.AssertionError" message="The following asserts failed:
	Topping 1 dropdown is not reset. expected [Choose a Toppings 1] but found [Mozzarella cheese],
	Topping 2 dropdown is not reset. expected [Choose a Toppings 2] but found [Olives]">
      <![CDATA[java.lang.AssertionError: The following asserts failed:
Topping 1 dropdown is not reset. expected [Choose a Toppings 1] but found [Mozzarella cheese],
Topping 2 dropdown is not reset. expected [Choose a Toppings 2] but found [Olives]
at com.sample.pages.PizzaPage.checkForm(PizzaPage.java:238)
at com.sample.tests.PositiveTest.testPizzaType(PositiveTest.java:54)
at java.base/java.util.concurrent.ThreadPoolExecutor.runWorker(ThreadPoolExecutor.java:1144)
at java.base/java.util.concurrent.ThreadPoolExecutor$Worker.run(ThreadPoolExecutor.java:642)
at java.base/java.lang.Thread.run(Thread.java:1570)
... Removed 9 stack frames]]>
    </failure>
  </testcase> <!-- testPizzaType -->
  <testcase classname="com.sample.tests.PositiveTest" name="testPizzaType" time="1.308">
    <failure type="java.lang.AssertionError" message="The following asserts failed:
	Topping 1 dropdown is not reset. expected [Choose a Toppings 1] but found [Mozzarella cheese],
	Topping 2 dropdown is not reset. expected [Choose a Toppings 2] but found [Olives]">
      <![CDATA[java.lang.AssertionError: The following asserts failed:
Topping 1 dropdown is not reset. expected [Choose a Toppings 1] but found [Mozzarella cheese],
Topping 2 dropdown is not reset. expected [Choose a Toppings 2] but found [Olives]
at com.sample.pages.PizzaPage.checkForm(PizzaPage.java:238)
at com.sample.tests.PositiveTest.testPizzaType(PositiveTest.java:54)
at java.base/java.util.concurrent.ThreadPoolExecutor.runWorker(ThreadPoolExecutor.java:1144)
at java.base/java.util.concurrent.ThreadPoolExecutor$Worker.run(ThreadPoolExecutor.java:642)
at java.base/java.lang.Thread.run(Thread.java:1570)
... Removed 9 stack frames]]>
    </failure>
  </testcase> <!-- testPizzaType -->
  <testcase classname="com.sample.tests.PositiveTest" name="testPizzaType" time="1.357">
    <failure type="java.lang.AssertionError" message="The following asserts failed:
	Topping 1 dropdown is not reset. expected [Choose a Toppings 1] but found [Mozzarella cheese],
	Topping 2 dropdown is not reset. expected [Choose a Toppings 2] but found [Olives]">
      <![CDATA[java.lang.AssertionError: The following asserts failed:
Topping 1 dropdown is not reset. expected [Choose a Toppings 1] but found [Mozzarella cheese],
Topping 2 dropdown is not reset. expected [Choose a Toppings 2] but found [Olives]
at com.sample.pages.PizzaPage.checkForm(PizzaPage.java:238)
at com.sample.tests.PositiveTest.testPizzaType(PositiveTest.java:54)
at java.base/java.util.concurrent.ThreadPoolExecutor.runWorker(ThreadPoolExecutor.java:1144)
at java.base/java.util.concurrent.ThreadPoolExecutor$Worker.run(ThreadPoolExecutor.java:642)
at java.base/java.lang.Thread.run(Thread.java:1570)
... Removed 9 stack frames]]>
    </failure>
  </testcase> <!-- testPizzaType -->
  <testcase classname="com.sample.tests.NegativeTest" name="checkMissingPhoneNum" time="0.992"/>
  <testcase classname="com.sample.tests.NegativeTest" name="checkMissingName" time="0.861">
    <failure type="java.lang.AssertionError" message="The following asserts failed:
	expected [Missing name] but found [Thank you for your order! TOTAL: 13.5 Large 10 Slices - 2 toppings]">
      <![CDATA[java.lang.AssertionError: The following asserts failed:
expected [Missing name] but found [Thank you for your order! TOTAL: 13.5 Large 10 Slices - 2 toppings]
at com.sample.tests.NegativeTest.checkMissingName(NegativeTest.java:62)
at java.base/java.util.concurrent.ThreadPoolExecutor.runWorker(ThreadPoolExecutor.java:1144)
at java.base/java.util.concurrent.ThreadPoolExecutor$Worker.run(ThreadPoolExecutor.java:642)
at java.base/java.lang.Thread.run(Thread.java:1570)
... Removed 9 stack frames]]>
    </failure>
  </testcase> <!-- checkMissingName -->
  <testcase classname="com.sample.tests.NegativeTest" name="checkCreditCardRadiobutton" time="0.156">
    <failure type="java.lang.AssertionError" message="The following asserts failed:
	Credit Card should not be Selected expected [false] but found [true]">
      <![CDATA[java.lang.AssertionError: The following asserts failed:
Credit Card should not be Selected expected [false] but found [true]
at com.sample.pages.PizzaPage.checkCreditCard(PizzaPage.java:275)
at com.sample.tests.NegativeTest.checkCreditCardRadiobutton(NegativeTest.java:72)
at java.base/java.util.concurrent.ThreadPoolExecutor.runWorker(ThreadPoolExecutor.java:1144)
at java.base/java.util.concurrent.ThreadPoolExecutor$Worker.run(ThreadPoolExecutor.java:642)
at java.base/java.lang.Thread.run(Thread.java:1570)
... Removed 9 stack frames]]>
    </failure>
  </testcase> <!-- checkCreditCardRadiobutton -->
  <testcase classname="com.sample.tests.NegativeTest" name="checkCashonPickupRadiobutton" time="0.151">
    <failure type="java.lang.AssertionError" message="The following asserts failed:
	Cash on Pickup should not be Selected expected [false] but found [true]">
      <![CDATA[java.lang.AssertionError: The following asserts failed:
Cash on Pickup should not be Selected expected [false] but found [true]
at com.sample.pages.PizzaPage.checkCashonPickup(PizzaPage.java:290)
at com.sample.tests.NegativeTest.checkCashonPickupRadiobutton(NegativeTest.java:81)
at java.base/java.util.concurrent.ThreadPoolExecutor.runWorker(ThreadPoolExecutor.java:1144)
at java.base/java.util.concurrent.ThreadPoolExecutor$Worker.run(ThreadPoolExecutor.java:642)
at java.base/java.lang.Thread.run(Thread.java:1570)
... Removed 9 stack frames]]>
    </failure>
  </testcase> <!-- checkCashonPickupRadiobutton -->
  <testcase classname="com.sample.tests.NegativeTest" name="checkResetbutton" time="1.404">
    <failure type="java.lang.AssertionError" message="The following asserts failed:
	Topping 1 dropdown is not reset. expected [Choose a Toppings 1] but found [Mozzarella cheese],
	Topping 2 dropdown is not reset. expected [Choose a Toppings 2] but found [Olives]">
      <![CDATA[java.lang.AssertionError: The following asserts failed:
Topping 1 dropdown is not reset. expected [Choose a Toppings 1] but found [Mozzarella cheese],
Topping 2 dropdown is not reset. expected [Choose a Toppings 2] but found [Olives]
at com.sample.pages.PizzaPage.checkForm(PizzaPage.java:238)
at com.sample.tests.NegativeTest.checkResetbutton(NegativeTest.java:97)
at java.base/java.util.concurrent.ThreadPoolExecutor.runWorker(ThreadPoolExecutor.java:1144)
at java.base/java.util.concurrent.ThreadPoolExecutor$Worker.run(ThreadPoolExecutor.java:642)
at java.base/java.lang.Thread.run(Thread.java:1570)
... Removed 9 stack frames]]>
    </failure>
  </testcase> <!-- checkResetbutton -->
  <testcase classname="com.sample.tests.NegativeTest" name="checkmaxLength" time="0.391"/>
</testsuite> <!-- Parallel Test Suite -->
